<?xml version="1.0" encoding="UTF-8"?>
<!-- Generated by org.testng.reporters.JUnitReportReporter -->
<testsuite skipped="0" hostname="DESKTOP-GKA213I" name="com.index.LoginIndex" tests="1" failures="0" timestamp="23 Jun 2022 10:49:03 GMT" time="43.014" errors="0">
  <testcase name="login" time="43.014" classname="com.index.LoginIndex"/>
</testsuite> <!-- com.index.LoginIndex -->
