<?xml version="1.0" encoding="UTF-8"?>
<!-- Generated by org.testng.reporters.JUnitReportReporter -->
<testsuite skipped="0" hostname="DESKTOP-GKA213I" name="com.index.LoginIndex" tests="1" failures="0" timestamp="23 Jun 2022 07:11:59 GMT" time="42.194" errors="0">
  <testcase name="login" time="42.194" classname="com.index.LoginIndex"/>
</testsuite> <!-- com.index.LoginIndex -->
